# JRE version: OpenJDK Runtime Environment Corretto-17.0.10.7.1 (17.0.10+7) (build 17.0.10+7-LTS)
# Java VM: OpenJDK 64-Bit Server VM Corretto-17.0.10.7.1 (17.0.10+7-LTS, mixed mode, sharing, tiered, compressed oops, compressed class ptrs, g1 gc, windows-amd64)
GC Precious Log:
 CPUs: 4 total, 4 available
 Memory: 5036M
 Large Page Support: Disabled
 NUMA Support: Disabled
 Compressed Oops: Enabled (32-bit)
 Heap Region Size: 1M
 Heap Min Capacity: 8M
 Heap Initial Capacity: 80M
 Heap Max Capacity: 1260M
 Pre-touch: Disabled
 Parallel Workers: 4
 Concurrent Workers: 1
 Concurrent Refinement Workers: 4
 Periodic GC: Disabled
Heap:
 garbage-first heap   total 49152K, used 30001K [0x00000000b1400000, 0x0000000100000000)
  region size 1024K, 18 young (18432K), 2 survivors (2048K)
 Metaspace       used 34417K, committed 34688K, reserved 1114112K
  class space    used 4415K, committed 4544K, reserved 1048576K
GC Heap History (14 events):
Event: 0.998 GC heap before
{Heap before GC invocations=0 (full 0):
 garbage-first heap   total 81920K, used 13312K [0x00000000b1400000, 0x0000000100000000)
  region size 1024K, 13 young (13312K), 0 survivors (0K)
 Metaspace       used 3947K, committed 4096K, reserved 1114112K
  class space    used 415K, committed 512K, reserved 1048576K
}
Event: 1.008 GC heap after
{Heap after GC invocations=1 (full 0):
 garbage-first heap   total 81920K, used 4160K [0x00000000b1400000, 0x0000000100000000)
  region size 1024K, 2 young (2048K), 2 survivors (2048K)
 Metaspace       used 3947K, committed 4096K, reserved 1114112K
  class space    used 415K, committed 512K, reserved 1048576K
}
Event: 1.478 GC heap before
{Heap before GC invocations=1 (full 0):
 garbage-first heap   total 81920K, used 14400K [0x00000000b1400000, 0x0000000100000000)
  region size 1024K, 12 young (12288K), 2 survivors (2048K)
 Metaspace       used 6830K, committed 7040K, reserved 1114112K
  class space    used 792K, committed 896K, reserved 1048576K
}
Event: 1.483 GC heap after
{Heap after GC invocations=2 (full 0):
 garbage-first heap   total 81920K, used 5890K [0x00000000b1400000, 0x0000000100000000)
  region size 1024K, 2 young (2048K), 2 survivors (2048K)
 Metaspace       used 6830K, committed 7040K, reserved 1114112K
  class space    used 792K, committed 896K, reserved 1048576K
}
Event: 2.199 GC heap before
{Heap before GC invocations=2 (full 0):
 garbage-first heap   total 81920K, used 27394K [0x00000000b1400000, 0x0000000100000000)
  region size 1024K, 24 young (24576K), 2 survivors (2048K)
 Metaspace       used 12607K, committed 12800K, reserved 1114112K
  class space    used 1671K, committed 1728K, reserved 1048576K
}
Event: 2.209 GC heap after
{Heap after GC invocations=3 (full 0):
 garbage-first heap   total 81920K, used 7490K [0x00000000b1400000, 0x0000000100000000)
  region size 1024K, 3 young (3072K), 3 survivors (3072K)
 Metaspace       used 12607K, committed 12800K, reserved 1114112K
  class space    used 1671K, committed 1728K, reserved 1048576K
}
Event: 3.724 GC heap before
{Heap before GC invocations=3 (full 0):
 garbage-first heap   total 81920K, used 51522K [0x00000000b1400000, 0x0000000100000000)
  region size 1024K, 48 young (49152K), 3 survivors (3072K)
 Metaspace       used 21280K, committed 21504K, reserved 1114112K
  class space    used 2707K, committed 2816K, reserved 1048576K
}
Event: 3.741 GC heap after
{Heap after GC invocations=4 (full 0):
 garbage-first heap   total 81920K, used 9867K [0x00000000b1400000, 0x0000000100000000)
  region size 1024K, 6 young (6144K), 6 survivors (6144K)
 Metaspace       used 21280K, committed 21504K, reserved 1114112K
  class space    used 2707K, committed 2816K, reserved 1048576K
}
Event: 4.840 GC heap before
{Heap before GC invocations=5 (full 0):
 garbage-first heap   total 40960K, used 28299K [0x00000000b1400000, 0x0000000100000000)
  region size 1024K, 24 young (24576K), 6 survivors (6144K)
 Metaspace       used 25805K, committed 26048K, reserved 1114112K
  class space    used 3322K, committed 3456K, reserved 1048576K
}
Event: 4.854 GC heap after
{Heap after GC invocations=6 (full 0):
 garbage-first heap   total 40960K, used 12535K [0x00000000b1400000, 0x0000000100000000)
  region size 1024K, 3 young (3072K), 3 survivors (3072K)
 Metaspace       used 25805K, committed 26048K, reserved 1114112K
  class space    used 3322K, committed 3456K, reserved 1048576K
}
Event: 5.605 GC heap before
{Heap before GC invocations=6 (full 0):
 garbage-first heap   total 40960K, used 26871K [0x00000000b1400000, 0x0000000100000000)
  region size 1024K, 18 young (18432K), 3 survivors (3072K)
 Metaspace       used 28222K, committed 28544K, reserved 1114112K
  class space    used 3624K, committed 3776K, reserved 1048576K
}
Event: 5.613 GC heap after
{Heap after GC invocations=7 (full 0):
 garbage-first heap   total 40960K, used 14423K [0x00000000b1400000, 0x0000000100000000)
  region size 1024K, 2 young (2048K), 2 survivors (2048K)
 Metaspace       used 28222K, committed 28544K, reserved 1114112K
  class space    used 3624K, committed 3776K, reserved 1048576K
}
Event: 16.432 GC heap before
{Heap before GC invocations=7 (full 0):
 garbage-first heap   total 40960K, used 28759K [0x00000000b1400000, 0x0000000100000000)
  region size 1024K, 16 young (16384K), 2 survivors (2048K)
 Metaspace       used 31246K, committed 31552K, reserved 1114112K
  class space    used 4009K, committed 4160K, reserved 1048576K
}
Event: 16.445 GC heap after
{Heap after GC invocations=8 (full 0):
 garbage-first heap   total 49152K, used 15665K [0x00000000b1400000, 0x0000000100000000)
  region size 1024K, 2 young (2048K), 2 survivors (2048K)
 Metaspace       used 31246K, committed 31552K, reserved 1114112K
  class space    used 4009K, committed 4160K, reserved 1048576K
}

